<?xml version="1.0" encoding="UTF-8"?>
<!-- Generated by org.testng.reporters.JUnitReportReporter -->
<testsuite skipped="0" hostname="John-PC" name="com.maveric.scuba.tests.demoqa.Demoqa" tests="1" failures="0" timestamp="2020-08-13T17:06:19 IST" time="22.563" errors="0">
  <testcase name="ProfileForm" time="22.563" classname="com.maveric.scuba.tests.demoqa.Demoqa"/>
  <system-out>
13-Aug-2020 05:06:01 PM : <a target=_blank href=screenshots/screenshot_1.png>Browser Is Opened  </a> 13-Aug-2020 05:06:04 PM : <a target=_blank href=screenshots/screenshot_2.png>Url Is Launched  </a> 13-Aug-2020 05:06:05 PM : <a target=_blank href=screenshots/screenshot_3.png>Form Is Launched  </a> 13-Aug-2020 05:06:12 PM : <a target=_blank href=screenshots/screenshot_4.png>Form Details are entered  </a> 13-Aug-2020 05:06:18 PM : <a target=_blank href=screenshots/screenshot_5.png>Form Submit Details are Captured  </a>  </system-out>
</testsuite> <!-- com.maveric.scuba.tests.demoqa.Demoqa -->
