<?xml version="1.0" encoding="UTF-8"?>
<!-- Generated by org.testng.reporters.JUnitReportReporter -->
<testsuite skipped="0" hostname="John-PC" name="com.maveric.scuba.tests.demoqa.Demoqa" tests="1" failures="0" timestamp="2020-08-13T13:31:30 IST" time="21.298" errors="0">
  <testcase name="ProfileForm" time="21.298" classname="com.maveric.scuba.tests.demoqa.Demoqa"/>
  <system-out>
13-Aug-2020 01:31:12 PM : <a target=_blank href=screenshots/screenshot_1.png>Browser Is Opened  </a> 13-Aug-2020 01:31:15 PM : <a target=_blank href=screenshots/screenshot_2.png>Url Is Launched  </a> 13-Aug-2020 01:31:16 PM : <a target=_blank href=screenshots/screenshot_3.png>Form Is Launched  </a> 13-Aug-2020 01:31:23 PM : <a target=_blank href=screenshots/screenshot_4.png>Form Details are entered  </a> 13-Aug-2020 01:31:28 PM : <a target=_blank href=screenshots/screenshot_5.png>Form Submit Details are Captured  </a>  </system-out>
</testsuite> <!-- com.maveric.scuba.tests.demoqa.Demoqa -->
